[debug] [2023-10-31T18:32:46.684Z] ----------------------------------------------------------------------
[debug] [2023-10-31T18:32:46.686Z] Command:       C:\Program Files\nodejs\node.exe C:\Users\user\AppData\Roaming\npm\node_modules\firebase-tools\lib\bin\firebase.js init
[debug] [2023-10-31T18:32:46.687Z] CLI Version:   12.7.0
[debug] [2023-10-31T18:32:46.687Z] Platform:      win32
[debug] [2023-10-31T18:32:46.687Z] Node Version:  v16.16.0
[debug] [2023-10-31T18:32:46.692Z] Time:          Wed Nov 01 2023 00:32:46 GMT+0600 (Bangladesh Standard Time)
[debug] [2023-10-31T18:32:46.692Z] ----------------------------------------------------------------------
[debug] 
[debug] [2023-10-31T18:32:46.699Z] > command requires scopes: ["email","openid","https://www.googleapis.com/auth/cloudplatformprojects.readonly","https://www.googleapis.com/auth/firebase","https://www.googleapis.com/auth/cloud-platform"]
[debug] [2023-10-31T18:32:46.699Z] > authorizing via signed-in user (azmainmorshed03@gmail.com)
[info] 
     ######## #### ########  ######## ########     ###     ######  ########
     ##        ##  ##     ## ##       ##     ##  ##   ##  ##       ##
     ######    ##  ########  ######   ########  #########  ######  ######
     ##        ##  ##    ##  ##       ##     ## ##     ##       ## ##
     ##       #### ##     ## ######## ########  ##     ##  ######  ########

You're about to initialize a Firebase project in this directory:

  C:\Users\user\desktop\cratersite

[info] 
=== Project Setup
[info] 
[info] First, let's associate this project directory with a Firebase project.
[info] You can create multiple project aliases by running firebase use --add, 
[info] but for now we'll just set up a default project.
[info] 
[debug] [2023-10-31T18:32:58.493Z] >>> [apiv2][query] GET https://firebase.googleapis.com/v1beta1/projects pageSize=100
[debug] [2023-10-31T18:33:00.692Z] <<< [apiv2][status] GET https://firebase.googleapis.com/v1beta1/projects 200
[debug] [2023-10-31T18:33:00.692Z] <<< [apiv2][body] GET https://firebase.googleapis.com/v1beta1/projects [omitted]
[info] i  Using project craterco-262be (CraterCo) 
[info] 
=== Hosting Setup
[info] 
[info] Your public directory is the folder (relative to your project directory) that
[info] will contain Hosting assets to be uploaded with firebase deploy. If you
[info] have a build process for your assets, use your build's output directory.
[info] 
[info] +  Wrote public/404.html 
[debug] [2023-10-31T18:33:28.397Z] >>> [apiv2][query] GET https://www.gstatic.com/firebasejs/releases.json [none]
[debug] [2023-10-31T18:33:29.089Z] <<< [apiv2][status] GET https://www.gstatic.com/firebasejs/releases.json 200
[debug] [2023-10-31T18:33:29.090Z] <<< [apiv2][body] GET https://www.gstatic.com/firebasejs/releases.json {"current":{"version":"10.5.2","browserURL":"https://www.gstatic.com/firebasejs/10.5.2/firebase.js","packageURL":"https://www.gstatic.com/firebasejs/10.5.2/firebase.tgz"},"live":{"version":"10.5","browserURL":"https://www.gstatic.com/firebasejs/live/10.5/firebase.js","packageURL":"https://www.gstatic.com/firebasejs/live/10.5/firebase.tgz"},"components":{"analytics":"https://www.gstatic.com/firebasejs/10.5.2/firebase-analytics.js","app":"https://www.gstatic.com/firebasejs/10.5.2/firebase-app.js","app-check":"https://www.gstatic.com/firebasejs/10.5.2/firebase-app-check.js","auth":"https://www.gstatic.com/firebasejs/10.5.2/firebase-auth.js","auth/cordova":"https://www.gstatic.com/firebasejs/10.5.2/firebase-auth/cordova.js","functions":"https://www.gstatic.com/firebasejs/10.5.2/firebase-functions.js","firestore":"https://www.gstatic.com/firebasejs/10.5.2/firebase-firestore.js","firestore/lite":"https://www.gstatic.com/firebasejs/10.5.2/firebase-firestore/lite.js","installations":"https://www.gstatic.com/firebasejs/10.5.2/firebase-installations.js","storage":"https://www.gstatic.com/firebasejs/10.5.2/firebase-storage.js","performance":"https://www.gstatic.com/firebasejs/10.5.2/firebase-performance.js","remote-config":"https://www.gstatic.com/firebasejs/10.5.2/firebase-remote-config.js","messaging":"https://www.gstatic.com/firebasejs/10.5.2/firebase-messaging.js","messaging/sw":"https://www.gstatic.com/firebasejs/10.5.2/firebase-messaging/sw.js","database":"https://www.gstatic.com/firebasejs/10.5.2/firebase-database.js","firestore.memory":"https://www.gstatic.com/firebasejs/10.5.2/firebase-firestore.memory.js"}}
[info] +  Wrote public/index.html 
[info] 
[info] i  Detected a .git folder at C:\Users\user\desktop\cratersite 
[info] i  Authorizing with GitHub to upload your service account to a GitHub repository's secrets store. 
[info] 
[info] Visit this URL on this device to log in:
[info] https://github.com/login/oauth/authorize?client_id=89cf50f02ac6aaed3484&state=852954167&redirect_uri=http%3A%2F%2Flocalhost%3A9005&scope=read%3Auser%20repo%20public_repo
[info] 
[info] Waiting for authentication...
[debug] [2023-10-31T18:33:45.808Z] >>> [apiv2][query] POST https://github.com/login/oauth/access_token [none]
[debug] [2023-10-31T18:33:45.808Z] >>> [apiv2][body] POST https://github.com/login/oauth/access_token [stream]
[debug] [2023-10-31T18:33:46.879Z] <<< [apiv2][status] POST https://github.com/login/oauth/access_token 200
[debug] [2023-10-31T18:33:46.879Z] <<< [apiv2][body] POST https://github.com/login/oauth/access_token {"access_token":"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","token_type":"bearer","scope":"read:user,repo"}
[debug] [2023-10-31T18:33:46.885Z] >>> [apiv2][query] GET https://api.github.com/user [none]
[debug] [2023-10-31T18:33:47.975Z] <<< [apiv2][status] GET https://api.github.com/user 200
[debug] [2023-10-31T18:33:47.975Z] <<< [apiv2][body] GET https://api.github.com/user {"login":"azmainm","id":114017420,"node_id":"U_kgDOBsvEjA","avatar_url":"https://avatars.githubusercontent.com/u/114017420?v=4","gravatar_id":"","url":"https://api.github.com/users/azmainm","html_url":"https://github.com/azmainm","followers_url":"https://api.github.com/users/azmainm/followers","following_url":"https://api.github.com/users/azmainm/following{/other_user}","gists_url":"https://api.github.com/users/azmainm/gists{/gist_id}","starred_url":"https://api.github.com/users/azmainm/starred{/owner}{/repo}","subscriptions_url":"https://api.github.com/users/azmainm/subscriptions","organizations_url":"https://api.github.com/users/azmainm/orgs","repos_url":"https://api.github.com/users/azmainm/repos","events_url":"https://api.github.com/users/azmainm/events{/privacy}","received_events_url":"https://api.github.com/users/azmainm/received_events","type":"User","site_admin":false,"name":"Azmain Morshed","company":null,"blog":"","location":null,"email":null,"hireable":null,"bio":null,"twitter_username":null,"public_repos":26,"public_gists":0,"followers":0,"following":0,"created_at":"2022-09-20T17:32:12Z","updated_at":"2023-10-31T18:33:44Z","private_gists":0,"total_private_repos":7,"owned_private_repos":7,"disk_usage":65180,"collaborators":5,"two_factor_authentication":false,"plan":{"name":"free","space":976562499,"collaborators":0,"private_repos":10000}}
[info] 
[info] +  Success! Logged into GitHub as azmainm 
[info] 
